<?xml version="1.0" encoding="UTF-8"?>
<!-- Generated by org.testng.reporters.JUnitXMLReporter -->
<testsuite ignored="0" hostname="DESKTOP-9T4RS05" failures="0" tests="1" name="Default test" time="17.913" errors="0" timestamp="2023-07-03T23:36:49 IST">
  <testcase classname="aTestClasses.PolicyVerification" name="@BeforeClass browserLaunch" time="17.773">
    <failure type="java.io.FileNotFoundException" message="C:\Users\Shree\eclipse-workspace\OMproject1\Omi_Sel\PropertyFile.properties (The system cannot find the path specified)">
      <![CDATA[java.io.FileNotFoundException: C:\Users\Shree\eclipse-workspace\OMproject1\Omi_Sel\PropertyFile.properties (The system cannot find the path specified)
at java.base/java.io.FileInputStream.open0(Native Method)
at java.base/java.io.FileInputStream.open(FileInputStream.java:216)
at java.base/java.io.FileInputStream.<init>(FileInputStream.java:157)
at java.base/java.io.FileInputStream.<init>(FileInputStream.java:111)
at aUtility.UtilityMethods.readPropertyFile(UtilityMethods.java:62)
at aBase.Base.launchBrowserUsingPropertyFile(Base.java:39)
at aTestClasses.PolicyVerification.browserLaunch(PolicyVerification.java:30)
at java.base/jdk.internal.reflect.NativeMethodAccessorImpl.invoke0(Native Method)
at java.base/jdk.internal.reflect.NativeMethodAccessorImpl.invoke(NativeMethodAccessorImpl.java:77)
at java.base/jdk.internal.reflect.DelegatingMethodAccessorImpl.invoke(DelegatingMethodAccessorImpl.java:43)
at java.base/java.lang.reflect.Method.invoke(Method.java:568)
at org.testng.internal.invokers.MethodInvocationHelper.invokeMethod(MethodInvocationHelper.java:139)
at org.testng.internal.invokers.MethodInvocationHelper.invokeMethodConsideringTimeout(MethodInvocationHelper.java:69)
at org.testng.internal.invokers.ConfigInvoker.invokeConfigurationMethod(ConfigInvoker.java:390)
at org.testng.internal.invokers.ConfigInvoker.invokeConfigurations(ConfigInvoker.java:325)
at org.testng.internal.invokers.TestMethodWorker.invokeBeforeClassMethods(TestMethodWorker.java:180)
at org.testng.internal.invokers.TestMethodWorker.run(TestMethodWorker.java:122)
at java.base/java.util.ArrayList.forEach(ArrayList.java:1511)
at org.testng.TestRunner.privateRun(TestRunner.java:848)
at org.testng.TestRunner.run(TestRunner.java:621)
at org.testng.SuiteRunner.runTest(SuiteRunner.java:443)
at org.testng.SuiteRunner.runSequentially(SuiteRunner.java:437)
at org.testng.SuiteRunner.privateRun(SuiteRunner.java:397)
at org.testng.SuiteRunner.run(SuiteRunner.java:336)
at org.testng.SuiteRunnerWorker.runSuite(SuiteRunnerWorker.java:52)
at org.testng.SuiteRunnerWorker.run(SuiteRunnerWorker.java:95)
at org.testng.TestNG.runSuitesSequentially(TestNG.java:1280)
at org.testng.TestNG.runSuitesLocally(TestNG.java:1200)
at org.testng.TestNG.runSuites(TestNG.java:1114)
at org.testng.TestNG.run(TestNG.java:1082)
at org.testng.remote.AbstractRemoteTestNG.run(AbstractRemoteTestNG.java:115)
at org.testng.remote.RemoteTestNG.initAndRun(RemoteTestNG.java:251)
at org.testng.remote.RemoteTestNG.main(RemoteTestNG.java:77)
]]>
    </failure>
  </testcase> <!-- @BeforeClass browserLaunch -->
  <testcase classname="aTestClasses.PolicyVerification" name="@BeforeMethod LoggingInToPolicyBazaar" time="0.0">
    <skipped/>
  </testcase> <!-- @BeforeMethod LoggingInToPolicyBazaar -->
  <testcase classname="aTestClasses.PolicyVerification" name="@AfterMethod loggingOut" time="0.0">
    <skipped/>
  </testcase> <!-- @AfterMethod loggingOut -->
  <testcase classname="aTestClasses.PolicyVerification" name="@AfterClass closingBrowser" time="0.0">
    <skipped/>
  </testcase> <!-- @AfterClass closingBrowser -->
  <testcase classname="aTestClasses.PolicyVerification" name="userNameVerification" time="0.0">
    <skipped/>
  </testcase> <!-- userNameVerification -->
</testsuite> <!-- Default test -->
