<?xml version="1.0" encoding="UTF-8"?>
<!-- Generated by org.testng.reporters.JUnitXMLReporter -->
<testsuite ignored="0" hostname="DESKTOP-9T4RS05" failures="0" tests="1" name="Test" time="154.227" errors="0" timestamp="2023-07-02T00:00:47 IST">
  <testcase classname="aTestClasses.PolicyVerification" name="@BeforeClass browserLaunch" time="150.372">
    <failure type="org.openqa.selenium.SessionNotCreatedException" message="Could not start a new session. Response code 500. Message: chrome not reachable 
Host info: host: &amp;apos;DESKTOP-9T4RS05&amp;apos;, ip: &amp;apos;192.168.0.103&amp;apos;
Build info: version: &amp;apos;4.9.1&amp;apos;, revision: &amp;apos;eb2032df7f&amp;apos;
System info: os.name: &amp;apos;Windows 10&amp;apos;, os.arch: &amp;apos;amd64&amp;apos;, os.version: &amp;apos;10.0&amp;apos;, java.version: &amp;apos;17.0.2&amp;apos;
Driver info: org.openqa.selenium.chrome.ChromeDriver
Command: [null, newSession {capabilities=[Capabilities {browserName: chrome, goog:chromeOptions: {args: [--remote-allow-origins=*], extensions: []}}]}]">
      <![CDATA[org.openqa.selenium.SessionNotCreatedException: Could not start a new session. Response code 500. Message: chrome not reachable 
Host info: host: 'DESKTOP-9T4RS05', ip: '192.168.0.103'
Build info: version: '4.9.1', revision: 'eb2032df7f'
System info: os.name: 'Windows 10', os.arch: 'amd64', os.version: '10.0', java.version: '17.0.2'
Driver info: org.openqa.selenium.chrome.ChromeDriver
Command: [null, newSession {capabilities=[Capabilities {browserName: chrome, goog:chromeOptions: {args: [--remote-allow-origins=*], extensions: []}}]}]
at org.openqa.selenium.remote.ProtocolHandshake.createSession(ProtocolHandshake.java:136)
at org.openqa.selenium.remote.ProtocolHandshake.createSession(ProtocolHandshake.java:94)
at org.openqa.selenium.remote.ProtocolHandshake.createSession(ProtocolHandshake.java:68)
at org.openqa.selenium.remote.HttpCommandExecutor.execute(HttpCommandExecutor.java:165)
at org.openqa.selenium.remote.service.DriverCommandExecutor.invokeExecute(DriverCommandExecutor.java:183)
at org.openqa.selenium.remote.service.DriverCommandExecutor.execute(DriverCommandExecutor.java:158)
at org.openqa.selenium.remote.RemoteWebDriver.execute(RemoteWebDriver.java:543)
at org.openqa.selenium.remote.RemoteWebDriver.startSession(RemoteWebDriver.java:229)
at org.openqa.selenium.remote.RemoteWebDriver.<init>(RemoteWebDriver.java:157)
at org.openqa.selenium.chromium.ChromiumDriver.<init>(ChromiumDriver.java:101)
at org.openqa.selenium.chrome.ChromeDriver.<init>(ChromeDriver.java:88)
at org.openqa.selenium.chrome.ChromeDriver.<init>(ChromeDriver.java:84)
at org.openqa.selenium.chrome.ChromeDriver.<init>(ChromeDriver.java:52)
at aBase.Base.launchBrowserUsingPropertyFile(Base.java:37)
at aTestClasses.PolicyVerification.browserLaunch(PolicyVerification.java:30)
at java.base/java.util.ArrayList.forEach(ArrayList.java:1511)
... Removed 25 stack frames]]>
    </failure>
  </testcase> <!-- @BeforeClass browserLaunch -->
  <testcase classname="aTestClasses.PolicyVerification" name="@BeforeMethod LoggingInToPolicyBazaar" time="0.0">
    <skipped/>
  </testcase> <!-- @BeforeMethod LoggingInToPolicyBazaar -->
  <testcase classname="aTestClasses.PolicyVerification" name="@AfterMethod loggingOut" time="0.0">
    <skipped/>
  </testcase> <!-- @AfterMethod loggingOut -->
  <testcase classname="aTestClasses.PolicyVerification" name="@AfterClass closingBrowser" time="0.0">
    <skipped/>
  </testcase> <!-- @AfterClass closingBrowser -->
  <testcase classname="aTestClasses.PolicyVerification" name="userNameVerification" time="0.0">
    <skipped/>
  </testcase> <!-- userNameVerification -->
</testsuite> <!-- Test -->
